<?xml version="1.0" encoding="UTF-8"?>
<!-- Generated by org.testng.reporters.JUnitXMLReporter -->
<testsuite ignored="4" hostname="SV2S1HQ93" failures="0" tests="2" name="Chrome" time="9.349" errors="0" timestamp="2022-09-15T20:03:42 CST">
  <testcase classname="applaudo.test.Week06" name="firstTest" time="5.807"/>
  <testcase classname="applaudo.test.Week06" name="submit" time="0.219"/>
  <testcase classname="applaudo.test.Week06" name="tab" time="0.0">
    <ignored/>
  </testcase> <!-- tab -->
  <testcase classname="applaudo.test.Week06" name="radioButtons" time="0.0">
    <ignored/>
  </testcase> <!-- radioButtons -->
  <testcase classname="applaudo.test.Week06" name="alertsSC" time="0.0">
    <ignored/>
  </testcase> <!-- alertsSC -->
  <testcase classname="applaudo.test.Week06" name="checkButtons" time="0.0">
    <ignored/>
  </testcase> <!-- checkButtons -->
</testsuite> <!-- Chrome -->
